<?xml version="1.0" encoding="UTF-8"?>
<testsuite xmlns:xsi="http://www.w3.org/2001/XMLSchema-instance" xsi:noNamespaceSchemaLocation="https://maven.apache.org/surefire/maven-surefire-plugin/xsd/surefire-test-report-3.0.xsd" version="3.0" name="com.tictactoe.back_end.BackEndApplicationTests" time="2.981" tests="1" errors="0" skipped="0" failures="0">
  <properties>
[...]
</properties>
  <testcase name="contextLoads" classname="com.tictactoe.back_end.BackEndApplicationTests" time="0.75">
    <system-out><![CDATA[22:23:28.199 [main] INFO org.springframework.test.context.support.AnnotationConfigContextLoaderUtils -- Could not detect default configuration classes for test class [com.tictactoe.back_end.BackEndApplicationTests]: BackEndApplicationTests does not declare any static, non-private, non-final, nested classes annotated with @Configuration.
22:23:28.304 [main] INFO org.springframework.boot.test.context.SpringBootTestContextBootstrapper -- Found @SpringBootConfiguration com.tictactoe.back_end.BackEndApplication for test class com.tictactoe.back_end.BackEndApplicationTests
  .   ____          _            __ _ _
 /\\ / ___'_ __ _ _(_)_ __  __ _ \ \ \ \
( ( )\___ | '_ | '_| | '_ \/ _` | \ \ \ \
 \\/  ___)| |_)| | | | | || (_| |  ) ) ) )
  '  |____| .__|_| |_|_| |_\__, | / / / /
 =========|_|==============|___/=/_/_/_/

 :: Spring Boot ::                (v3.3.0)

2024-06-19T22:23:28.719+07:00  INFO 11052 --- [back-end] [           main] c.t.back_end.BackEndApplicationTests     : Starting BackEndApplicationTests using Java 21.0.3 with PID 11052 (started by punna in D:\Github Project\tictactoe-javasb-ws-api-test)
2024-06-19T22:23:28.721+07:00  INFO 11052 --- [back-end] [           main] c.t.back_end.BackEndApplicationTests     : No active profile set, falling back to 1 default profile: "default"
2024-06-19T22:23:30.223+07:00  INFO 11052 --- [back-end] [           main] o.s.m.s.b.SimpleBrokerMessageHandler     : Starting...
2024-06-19T22:23:30.227+07:00  INFO 11052 --- [back-end] [           main] o.s.m.s.b.SimpleBrokerMessageHandler     : BrokerAvailabilityEvent[available=true, SimpleBrokerMessageHandler [org.springframework.messaging.simp.broker.DefaultSubscriptionRegistry@93824eb]]
2024-06-19T22:23:30.228+07:00  INFO 11052 --- [back-end] [           main] o.s.m.s.b.SimpleBrokerMessageHandler     : Started.
2024-06-19T22:23:30.237+07:00  INFO 11052 --- [back-end] [           main] c.t.back_end.BackEndApplicationTests     : Started BackEndApplicationTests in 1.78 seconds (process running for 2.694)
]]></system-out>
    <system-err><![CDATA[WARNING: A Java agent has been loaded dynamically (C:\Users\punna\.m2\repository\net\bytebuddy\byte-buddy-agent\1.14.16\byte-buddy-agent-1.14.16.jar)
WARNING: If a serviceability tool is in use, please run with -XX:+EnableDynamicAgentLoading to hide this warning
WARNING: If a serviceability tool is not in use, please run with -Djdk.instrument.traceUsage for more information
WARNING: Dynamic loading of agents will be disallowed by default in a future release
]]></system-err>
  </testcase>
</testsuite>